2017-06-04 16:55:54,205 - INFO - ##################################################################################
2017-06-04 16:55:54,206 - INFO - Starting DroneAPI server
2017-06-04 16:55:54,206 - INFO - ##################################################################################
2017-06-04 16:55:54,206 - INFO - Prod version connected to Redis at None and home domain of 
2017-06-04 16:57:19,318 - INFO - ##################################################################################
2017-06-04 16:57:19,319 - INFO - Starting DroneAPI server
2017-06-04 16:57:19,319 - INFO - ##################################################################################
2017-06-04 16:57:19,319 - INFO - Dev version connected to Redis at Redis<ConnectionPool<Connection<host=localhost,port=6379,db=0>>> and home domain of http://localhost:1235
2017-06-04 16:57:19,320 - INFO - Connected to Redis dB
2017-06-04 16:57:19,321 - INFO - ##################################################################################
2017-06-04 16:57:19,321 - INFO - ##################################################################################
2017-06-04 16:57:19,321 - INFO - Starting DroneAPI server
2017-06-04 16:57:19,321 - INFO - Starting DroneAPI server
2017-06-04 16:57:19,321 - INFO - ##################################################################################
2017-06-04 16:57:19,321 - INFO - ##################################################################################
2017-06-04 16:57:19,321 - INFO - Dev version connected to Redis at Redis<ConnectionPool<Connection<host=localhost,port=6379,db=0>>> and home domain of http://localhost:1235
2017-06-04 16:57:19,321 - INFO - Dev version connected to Redis at Redis<ConnectionPool<Connection<host=localhost,port=6379,db=0>>> and home domain of http://localhost:1235
2017-06-04 16:57:19,322 - INFO - Connected to Redis dB
2017-06-04 16:57:19,322 - INFO - Connected to Redis dB
2017-06-04 16:57:24,778 - INFO - #### Method GET of vehicleIndex #####
2017-06-04 16:57:24,778 - INFO - #### Method GET of vehicleIndex #####
2017-06-04 16:57:41,302 - INFO - #### Method GET of vehicleStatus ####
2017-06-04 16:57:41,302 - INFO - #### Method GET of vehicleStatus ####
2017-06-04 16:57:41,303 - INFO - timeSinceStart= 1727898.47462
2017-06-04 16:57:41,303 - INFO - timeSinceStart= 1727898.47462
2017-06-04 16:57:41,303 - INFO - connection string for vehicle aee129b5='udp:127.0.0.1:'
2017-06-04 16:57:41,303 - INFO - connection string for vehicle aee129b5='udp:127.0.0.1:'
2017-06-04 16:57:41,305 - INFO - connectionString: udp:127.0.0.1:
2017-06-04 16:57:41,305 - INFO - connectionString: udp:127.0.0.1:
2017-06-04 16:57:41,305 - INFO - Connecting to vehicle on: udp:127.0.0.1:
2017-06-04 16:57:41,305 - INFO - Connecting to vehicle on: udp:127.0.0.1:
2017-06-04 16:57:41,305 - WARNING - Caught exceptio: Unexpected error in connectVehicle:
2017-06-04 16:57:41,305 - WARNING - Caught exceptio: Unexpected error in connectVehicle:
2017-06-04 16:57:41,305 - WARNING - VehicleId=aee129b5
2017-06-04 16:57:41,305 - WARNING - VehicleId=aee129b5
2017-06-04 16:57:41,305 - ERROR - invalid literal for int() with base 10: ''
Traceback (most recent call last):
  File "/home/lester/Documents/DroneRESTAPI/droneAPIMain.py", line 93, in connectVehicle
    connectionDict[inVehicleId] = connect(connectionString, wait_ready=True, heartbeat_timeout=10)
  File "/usr/local/lib/python2.7/dist-packages/dronekit/__init__.py", line 2817, in connect
    handler = MAVConnection(ip, baud=baud, source_system=source_system, use_native=use_native)
  File "/usr/local/lib/python2.7/dist-packages/dronekit/mavlink.py", line 128, in __init__
    self.master = mavutil.mavlink_connection(ip, baud=baud, source_system=source_system)
  File "/usr/local/lib/python2.7/dist-packages/pymavlink/mavutil.py", line 1220, in mavlink_connection
    return mavudp(device[4:], input=input, source_system=source_system, use_native=use_native)
  File "/usr/local/lib/python2.7/dist-packages/pymavlink/mavutil.py", line 879, in __init__
    self.port.bind((a[0], int(a[1])))
ValueError: invalid literal for int() with base 10: ''
2017-06-04 16:57:41,305 - ERROR - invalid literal for int() with base 10: ''
Traceback (most recent call last):
  File "/home/lester/Documents/DroneRESTAPI/droneAPIMain.py", line 93, in connectVehicle
    connectionDict[inVehicleId] = connect(connectionString, wait_ready=True, heartbeat_timeout=10)
  File "/usr/local/lib/python2.7/dist-packages/dronekit/__init__.py", line 2817, in connect
    handler = MAVConnection(ip, baud=baud, source_system=source_system, use_native=use_native)
  File "/usr/local/lib/python2.7/dist-packages/dronekit/mavlink.py", line 128, in __init__
    self.master = mavutil.mavlink_connection(ip, baud=baud, source_system=source_system)
  File "/usr/local/lib/python2.7/dist-packages/pymavlink/mavutil.py", line 1220, in mavlink_connection
    return mavudp(device[4:], input=input, source_system=source_system, use_native=use_native)
  File "/usr/local/lib/python2.7/dist-packages/pymavlink/mavutil.py", line 879, in __init__
    self.port.bind((a[0], int(a[1])))
ValueError: invalid literal for int() with base 10: ''
2017-06-04 16:57:41,501 - WARNING - vehicleStatus:GET Cant connect to vehicleaee129b5
2017-06-04 16:57:41,501 - WARNING - vehicleStatus:GET Cant connect to vehicleaee129b5
2017-06-04 16:57:47,010 - INFO - #### Method DELETE of vehicleStatus ####
2017-06-04 16:57:47,010 - INFO - #### Method DELETE of vehicleStatus ####
2017-06-04 16:57:48,561 - ERROR - Error conneting to AWS:
2017-06-04 16:57:48,561 - ERROR - Error conneting to AWS:
2017-06-04 16:57:48,561 - ERROR - VehicleId=
2017-06-04 16:57:48,561 - ERROR - VehicleId=
2017-06-04 16:57:48,561 - ERROR - aee129b5
2017-06-04 16:57:48,561 - ERROR - aee129b5
2017-06-04 16:57:48,561 - ERROR - Exception=
2017-06-04 16:57:48,561 - ERROR - Exception=
2017-06-04 16:57:48,561 - ERROR - You must specify a region.
2017-06-04 16:57:48,561 - ERROR - You must specify a region.
2017-06-04 16:57:48,561 - INFO - connectionString=udp:127.0.0.1:
2017-06-04 16:57:48,561 - INFO - connectionString=udp:127.0.0.1:
2017-06-04 16:57:48,561 - INFO - ipAddress=127.
2017-06-04 16:57:48,561 - INFO - ipAddress=127.
2017-06-04 16:57:59,503 - INFO - #### Method GET of vehicleIndex #####
2017-06-04 16:57:59,503 - INFO - #### Method GET of vehicleIndex #####
2017-06-04 16:58:20,639 - INFO - #### Method POST of vehicleIndex #####
2017-06-04 16:58:20,639 - INFO - #### Method POST of vehicleIndex #####
2017-06-04 16:58:20,639 - INFO - {"vehicleType":"real","connectionString":"udp:127.0.0.1:14561","name":"drone_1"}
2017-06-04 16:58:20,639 - INFO - {"vehicleType":"real","connectionString":"udp:127.0.0.1:14561","name":"drone_1"}
2017-06-04 16:58:20,640 - INFO - adding connectionString to Redis db with key 'connectionString:0033f1a4'
2017-06-04 16:58:20,640 - INFO - adding connectionString to Redis db with key 'connectionString:0033f1a4'
2017-06-04 16:58:24,582 - INFO - #### Method GET of vehicleIndex #####
2017-06-04 16:58:24,582 - INFO - #### Method GET of vehicleIndex #####
2017-06-04 16:58:28,436 - INFO - #### Method GET of vehicleStatus ####
2017-06-04 16:58:28,436 - INFO - #### Method GET of vehicleStatus ####
2017-06-04 16:58:28,437 - INFO - timeSinceStart= 7.79663085938
2017-06-04 16:58:28,437 - INFO - timeSinceStart= 7.79663085938
2017-06-04 16:58:28,437 - WARNING - Raising warning
2017-06-04 16:58:28,437 - WARNING - Raising warning
2017-06-04 16:58:28,437 - WARNING - Caught warning: Vehicle starting up
2017-06-04 16:58:28,437 - WARNING - Caught warning: Vehicle starting up
2017-06-04 16:58:28,437 - WARNING - vehicleStatus:GET Cant connect to vehicle - vehicle starting up0033f1a4
2017-06-04 16:58:28,437 - WARNING - vehicleStatus:GET Cant connect to vehicle - vehicle starting up0033f1a4
2017-06-04 17:03:11,054 - INFO - ##################################################################################
2017-06-04 17:03:11,054 - INFO - Starting DroneAPI server
2017-06-04 17:03:11,054 - INFO - ##################################################################################
2017-06-04 17:03:11,055 - INFO - Dev version connected to Redis at Redis<ConnectionPool<Connection<host=localhost,port=6379,db=0>>> and home domain of http://localhost:1235
2017-06-04 17:03:11,055 - INFO - Connected to Redis dB
2017-06-04 17:03:11,056 - INFO - ##################################################################################
2017-06-04 17:03:11,056 - INFO - ##################################################################################
2017-06-04 17:03:11,057 - INFO - Starting DroneAPI server
2017-06-04 17:03:11,057 - INFO - Starting DroneAPI server
2017-06-04 17:03:11,057 - INFO - ##################################################################################
2017-06-04 17:03:11,057 - INFO - ##################################################################################
2017-06-04 17:03:11,057 - INFO - Dev version connected to Redis at Redis<ConnectionPool<Connection<host=localhost,port=6379,db=0>>> and home domain of http://localhost:1235
2017-06-04 17:03:11,057 - INFO - Dev version connected to Redis at Redis<ConnectionPool<Connection<host=localhost,port=6379,db=0>>> and home domain of http://localhost:1235
2017-06-04 17:03:11,057 - INFO - Connected to Redis dB
2017-06-04 17:03:11,057 - INFO - Connected to Redis dB
2017-06-04 17:03:17,355 - INFO - #### Method GET of vehicleIndex #####
2017-06-04 17:03:17,355 - INFO - #### Method GET of vehicleIndex #####
2017-06-04 17:03:17,356 - ERROR - global name 'web' is not defined
Traceback (most recent call last):
  File "/home/lester/Documents/DroneRESTAPI/droneAPIMain.py", line 521, in GET
    droneAPIUtils.applyHeadders()
  File "/home/lester/Documents/DroneRESTAPI/droneAPIUtils.py", line 10, in applyHeadders
    web.header('Content-Type', 'application/json')
NameError: global name 'web' is not defined
2017-06-04 17:03:17,356 - ERROR - global name 'web' is not defined
Traceback (most recent call last):
  File "/home/lester/Documents/DroneRESTAPI/droneAPIMain.py", line 521, in GET
    droneAPIUtils.applyHeadders()
  File "/home/lester/Documents/DroneRESTAPI/droneAPIUtils.py", line 10, in applyHeadders
    web.header('Content-Type', 'application/json')
NameError: global name 'web' is not defined
2017-06-04 17:03:41,503 - INFO - ##################################################################################
2017-06-04 17:03:41,503 - INFO - Starting DroneAPI server
2017-06-04 17:03:41,503 - INFO - ##################################################################################
2017-06-04 17:03:41,503 - INFO - Dev version connected to Redis at Redis<ConnectionPool<Connection<host=localhost,port=6379,db=0>>> and home domain of http://localhost:1235
2017-06-04 17:03:41,504 - INFO - Connected to Redis dB
2017-06-04 17:03:41,504 - INFO - ##################################################################################
2017-06-04 17:03:41,504 - INFO - ##################################################################################
2017-06-04 17:03:41,504 - INFO - Starting DroneAPI server
2017-06-04 17:03:41,504 - INFO - Starting DroneAPI server
2017-06-04 17:03:41,504 - INFO - ##################################################################################
2017-06-04 17:03:41,504 - INFO - ##################################################################################
2017-06-04 17:03:41,504 - INFO - Dev version connected to Redis at Redis<ConnectionPool<Connection<host=localhost,port=6379,db=0>>> and home domain of http://localhost:1235
2017-06-04 17:03:41,504 - INFO - Dev version connected to Redis at Redis<ConnectionPool<Connection<host=localhost,port=6379,db=0>>> and home domain of http://localhost:1235
2017-06-04 17:03:41,505 - INFO - Connected to Redis dB
2017-06-04 17:03:41,505 - INFO - Connected to Redis dB
2017-06-04 17:03:46,394 - INFO - #### Method GET of vehicleIndex #####
2017-06-04 17:03:46,394 - INFO - #### Method GET of vehicleIndex #####
2017-06-04 17:03:50,059 - INFO - #### Method GET of vehicleStatus ####
2017-06-04 17:03:50,059 - INFO - #### Method GET of vehicleStatus ####
2017-06-04 17:03:50,059 - INFO - timeSinceStart= 329.419276953
2017-06-04 17:03:50,059 - INFO - timeSinceStart= 329.419276953
2017-06-04 17:03:50,060 - INFO - connection string for vehicle 0033f1a4='udp:127.0.0.1:14561'
2017-06-04 17:03:50,060 - INFO - connection string for vehicle 0033f1a4='udp:127.0.0.1:14561'
2017-06-04 17:03:50,060 - INFO - connectionString: udp:127.0.0.1:14561
2017-06-04 17:03:50,060 - INFO - connectionString: udp:127.0.0.1:14561
2017-06-04 17:03:50,060 - INFO - Connecting to vehicle on: udp:127.0.0.1:14561
2017-06-04 17:03:50,060 - INFO - Connecting to vehicle on: udp:127.0.0.1:14561
2017-06-04 17:03:51,269 - INFO - actionArrayDict
2017-06-04 17:03:51,269 - INFO - actionArrayDict
2017-06-04 17:03:51,269 - INFO - {u'0033f1a4': []}
2017-06-04 17:03:51,269 - INFO - {u'0033f1a4': []}
2017-06-04 17:04:00,210 - INFO - #### Method GET of simulator ####
2017-06-04 17:04:00,210 - INFO - #### Method GET of simulator ####
2017-06-04 17:04:00,211 - INFO - timeSinceStart= 339.571172953
2017-06-04 17:04:00,211 - INFO - timeSinceStart= 339.571172953
2017-06-04 17:04:00,211 - INFO - connection string for vehicle 0033f1a4='udp:127.0.0.1:14561'
2017-06-04 17:04:00,211 - INFO - connection string for vehicle 0033f1a4='udp:127.0.0.1:14561'
2017-06-04 17:06:01,155 - INFO - ##################################################################################
2017-06-04 17:06:01,155 - INFO - Starting DroneAPI server
2017-06-04 17:06:01,155 - INFO - ##################################################################################
2017-06-04 17:06:01,155 - INFO - Dev version connected to Redis at Redis<ConnectionPool<Connection<host=localhost,port=6379,db=0>>> and home domain of http://localhost:1235
2017-06-04 17:06:01,156 - INFO - Connected to Redis dB
2017-06-04 17:06:01,157 - INFO - ##################################################################################
2017-06-04 17:06:01,157 - INFO - ##################################################################################
2017-06-04 17:06:01,157 - INFO - Starting DroneAPI server
2017-06-04 17:06:01,157 - INFO - Starting DroneAPI server
2017-06-04 17:06:01,157 - INFO - ##################################################################################
2017-06-04 17:06:01,157 - INFO - ##################################################################################
2017-06-04 17:06:01,157 - INFO - Dev version connected to Redis at Redis<ConnectionPool<Connection<host=localhost,port=6379,db=0>>> and home domain of http://localhost:1235
2017-06-04 17:06:01,157 - INFO - Dev version connected to Redis at Redis<ConnectionPool<Connection<host=localhost,port=6379,db=0>>> and home domain of http://localhost:1235
2017-06-04 17:06:01,158 - INFO - Connected to Redis dB
2017-06-04 17:06:01,158 - INFO - Connected to Redis dB
2017-06-04 17:06:04,993 - INFO - #### Method GET of simulator ####
2017-06-04 17:06:04,993 - INFO - #### Method GET of simulator ####
2017-06-04 17:06:04,993 - WARNING - Caught exceptio: Unexpected error in connectVehicle:
2017-06-04 17:06:04,993 - WARNING - Caught exceptio: Unexpected error in connectVehicle:
2017-06-04 17:06:04,994 - WARNING - VehicleId=0033f1a4
2017-06-04 17:06:04,994 - WARNING - VehicleId=0033f1a4
2017-06-04 17:06:04,994 - ERROR - global name 'redisdB' is not defined
Traceback (most recent call last):
  File "/home/lester/Documents/DroneRESTAPI/droneAPIUtils.py", line 27, in connectVehicle
    jsonObjStr=redisdB.get('connectionString:' + str(inVehicleId))
NameError: global name 'redisdB' is not defined
2017-06-04 17:06:04,994 - ERROR - global name 'redisdB' is not defined
Traceback (most recent call last):
  File "/home/lester/Documents/DroneRESTAPI/droneAPIUtils.py", line 27, in connectVehicle
    jsonObjStr=redisdB.get('connectionString:' + str(inVehicleId))
NameError: global name 'redisdB' is not defined
2017-06-04 17:06:04,994 - WARNING - vehicleStatus:GET Cant connect to vehicle0033f1a4
2017-06-04 17:06:04,994 - WARNING - vehicleStatus:GET Cant connect to vehicle0033f1a4
2017-06-04 17:06:09,607 - INFO - #### Method GET of vehicleStatus ####
2017-06-04 17:06:09,607 - INFO - #### Method GET of vehicleStatus ####
2017-06-04 17:06:09,607 - WARNING - Caught exceptio: Unexpected error in connectVehicle:
2017-06-04 17:06:09,607 - WARNING - Caught exceptio: Unexpected error in connectVehicle:
2017-06-04 17:06:09,607 - WARNING - VehicleId=0033f1a4
2017-06-04 17:06:09,607 - WARNING - VehicleId=0033f1a4
2017-06-04 17:06:09,607 - ERROR - global name 'redisdB' is not defined
Traceback (most recent call last):
  File "/home/lester/Documents/DroneRESTAPI/droneAPIUtils.py", line 27, in connectVehicle
    jsonObjStr=redisdB.get('connectionString:' + str(inVehicleId))
NameError: global name 'redisdB' is not defined
2017-06-04 17:06:09,607 - ERROR - global name 'redisdB' is not defined
Traceback (most recent call last):
  File "/home/lester/Documents/DroneRESTAPI/droneAPIUtils.py", line 27, in connectVehicle
    jsonObjStr=redisdB.get('connectionString:' + str(inVehicleId))
NameError: global name 'redisdB' is not defined
2017-06-04 17:06:09,607 - WARNING - vehicleStatus:GET Cant connect to vehicle0033f1a4
2017-06-04 17:06:09,607 - WARNING - vehicleStatus:GET Cant connect to vehicle0033f1a4
2017-06-04 17:06:17,303 - INFO - #### Method GET of vehicleIndex #####
2017-06-04 17:06:17,303 - INFO - #### Method GET of vehicleIndex #####
2017-06-04 17:06:18,367 - INFO - #### Method GET of vehicleIndex #####
2017-06-04 17:06:18,367 - INFO - #### Method GET of vehicleIndex #####
2017-06-04 17:08:33,858 - INFO - ##################################################################################
2017-06-04 17:08:33,858 - INFO - Starting DroneAPI server
2017-06-04 17:08:33,858 - INFO - ##################################################################################
2017-06-04 17:08:33,858 - INFO - Dev version connected to Redis at Redis<ConnectionPool<Connection<host=localhost,port=6379,db=0>>> and home domain of http://localhost:1235
2017-06-04 17:08:33,859 - INFO - Connected to Redis dB
2017-06-04 17:08:33,859 - INFO - ##################################################################################
2017-06-04 17:08:33,859 - INFO - ##################################################################################
2017-06-04 17:08:33,859 - INFO - Starting DroneAPI server
2017-06-04 17:08:33,859 - INFO - Starting DroneAPI server
2017-06-04 17:08:33,860 - INFO - ##################################################################################
2017-06-04 17:08:33,860 - INFO - ##################################################################################
2017-06-04 17:08:33,860 - INFO - Dev version connected to Redis at Redis<ConnectionPool<Connection<host=localhost,port=6379,db=0>>> and home domain of http://localhost:1235
2017-06-04 17:08:33,860 - INFO - Dev version connected to Redis at Redis<ConnectionPool<Connection<host=localhost,port=6379,db=0>>> and home domain of http://localhost:1235
2017-06-04 17:08:33,860 - INFO - Connected to Redis dB
2017-06-04 17:08:33,860 - INFO - Connected to Redis dB
2017-06-04 17:08:41,220 - INFO - #### Method GET of vehicleIndex #####
2017-06-04 17:08:41,220 - INFO - #### Method GET of vehicleIndex #####
2017-06-04 17:08:44,348 - INFO - #### Method GET of vehicleStatus ####
2017-06-04 17:08:44,348 - INFO - #### Method GET of vehicleStatus ####
2017-06-04 17:08:44,348 - WARNING - Caught exceptio: Unexpected error in connectVehicle:
2017-06-04 17:08:44,348 - WARNING - Caught exceptio: Unexpected error in connectVehicle:
2017-06-04 17:08:44,348 - WARNING - VehicleId=0033f1a4
2017-06-04 17:08:44,348 - WARNING - VehicleId=0033f1a4
2017-06-04 17:08:44,349 - ERROR - global name 'time' is not defined
Traceback (most recent call last):
  File "/home/lester/Documents/DroneRESTAPI/droneAPIUtils.py", line 32, in connectVehicle
    currentTime = time.time()
NameError: global name 'time' is not defined
2017-06-04 17:08:44,349 - ERROR - global name 'time' is not defined
Traceback (most recent call last):
  File "/home/lester/Documents/DroneRESTAPI/droneAPIUtils.py", line 32, in connectVehicle
    currentTime = time.time()
NameError: global name 'time' is not defined
2017-06-04 17:08:44,349 - WARNING - vehicleStatus:GET Cant connect to vehicle0033f1a4
2017-06-04 17:08:44,349 - WARNING - vehicleStatus:GET Cant connect to vehicle0033f1a4
2017-06-04 17:10:23,402 - INFO - ##################################################################################
2017-06-04 17:10:23,402 - INFO - ##################################################################################
2017-06-04 17:10:23,402 - INFO - ##################################################################################
2017-06-04 17:10:23,402 - INFO - Starting DroneAPI server
2017-06-04 17:10:23,402 - INFO - Starting DroneAPI server
2017-06-04 17:10:23,402 - INFO - Starting DroneAPI server
2017-06-04 17:10:23,402 - INFO - ##################################################################################
2017-06-04 17:10:23,402 - INFO - ##################################################################################
2017-06-04 17:10:23,402 - INFO - ##################################################################################
2017-06-04 17:10:23,402 - INFO - Dev version connected to Redis at Redis<ConnectionPool<Connection<host=localhost,port=6379,db=0>>> and home domain of http://localhost:1235
2017-06-04 17:10:23,402 - INFO - Dev version connected to Redis at Redis<ConnectionPool<Connection<host=localhost,port=6379,db=0>>> and home domain of http://localhost:1235
2017-06-04 17:10:23,402 - INFO - Dev version connected to Redis at Redis<ConnectionPool<Connection<host=localhost,port=6379,db=0>>> and home domain of http://localhost:1235
2017-06-04 17:10:23,404 - INFO - Connected to Redis dB
2017-06-04 17:10:23,404 - INFO - Connected to Redis dB
2017-06-04 17:10:23,404 - INFO - Connected to Redis dB
2017-06-04 17:10:23,407 - INFO - #### Method GET of simulator ####
2017-06-04 17:10:23,407 - INFO - #### Method GET of simulator ####
2017-06-04 17:10:23,407 - INFO - #### Method GET of simulator ####
2017-06-04 17:10:23,408 - WARNING - Caught exceptio: Unexpected error in connectVehicle:
2017-06-04 17:10:23,408 - WARNING - Caught exceptio: Unexpected error in connectVehicle:
2017-06-04 17:10:23,408 - WARNING - Caught exceptio: Unexpected error in connectVehicle:
2017-06-04 17:10:23,408 - WARNING - VehicleId=0033f1a4
2017-06-04 17:10:23,408 - WARNING - VehicleId=0033f1a4
2017-06-04 17:10:23,408 - WARNING - VehicleId=0033f1a4
2017-06-04 17:10:23,409 - ERROR - global name 'time' is not defined
Traceback (most recent call last):
  File "/home/lester/Documents/DroneRESTAPI/droneAPIUtils.py", line 32, in connectVehicle
    currentTime = time.time()
NameError: global name 'time' is not defined
2017-06-04 17:10:23,409 - ERROR - global name 'time' is not defined
Traceback (most recent call last):
  File "/home/lester/Documents/DroneRESTAPI/droneAPIUtils.py", line 32, in connectVehicle
    currentTime = time.time()
NameError: global name 'time' is not defined
2017-06-04 17:10:23,409 - ERROR - global name 'time' is not defined
Traceback (most recent call last):
  File "/home/lester/Documents/DroneRESTAPI/droneAPIUtils.py", line 32, in connectVehicle
    currentTime = time.time()
NameError: global name 'time' is not defined
2017-06-04 17:10:23,409 - WARNING - vehicleStatus:GET Cant connect to vehicle0033f1a4
2017-06-04 17:10:23,409 - WARNING - vehicleStatus:GET Cant connect to vehicle0033f1a4
2017-06-04 17:10:23,409 - WARNING - vehicleStatus:GET Cant connect to vehicle0033f1a4
2017-06-04 17:10:56,851 - INFO - ##################################################################################
2017-06-04 17:10:56,851 - INFO - Starting DroneAPI server
2017-06-04 17:10:56,851 - INFO - ##################################################################################
2017-06-04 17:10:56,851 - INFO - Dev version connected to Redis at Redis<ConnectionPool<Connection<host=localhost,port=6379,db=0>>> and home domain of http://localhost:1235
2017-06-04 17:10:56,852 - INFO - Connected to Redis dB
2017-06-04 17:10:56,852 - INFO - ##################################################################################
2017-06-04 17:10:56,852 - INFO - ##################################################################################
2017-06-04 17:10:56,852 - INFO - Starting DroneAPI server
2017-06-04 17:10:56,852 - INFO - Starting DroneAPI server
2017-06-04 17:10:56,852 - INFO - ##################################################################################
2017-06-04 17:10:56,852 - INFO - ##################################################################################
2017-06-04 17:10:56,853 - INFO - Dev version connected to Redis at Redis<ConnectionPool<Connection<host=localhost,port=6379,db=0>>> and home domain of http://localhost:1235
2017-06-04 17:10:56,853 - INFO - Dev version connected to Redis at Redis<ConnectionPool<Connection<host=localhost,port=6379,db=0>>> and home domain of http://localhost:1235
2017-06-04 17:10:56,853 - INFO - Connected to Redis dB
2017-06-04 17:10:56,853 - INFO - Connected to Redis dB
2017-06-04 17:11:00,559 - INFO - #### Method GET of simulator ####
2017-06-04 17:11:00,559 - INFO - #### Method GET of simulator ####
2017-06-04 17:11:00,559 - WARNING - Caught exceptio: Unexpected error in connectVehicle:
2017-06-04 17:11:00,559 - WARNING - Caught exceptio: Unexpected error in connectVehicle:
2017-06-04 17:11:00,560 - WARNING - VehicleId=0033f1a4
2017-06-04 17:11:00,560 - WARNING - VehicleId=0033f1a4
2017-06-04 17:11:00,560 - ERROR - global name 'time' is not defined
Traceback (most recent call last):
  File "/home/lester/Documents/DroneRESTAPI/droneAPIUtils.py", line 32, in connectVehicle
    currentTime = time.time()
NameError: global name 'time' is not defined
2017-06-04 17:11:00,560 - ERROR - global name 'time' is not defined
Traceback (most recent call last):
  File "/home/lester/Documents/DroneRESTAPI/droneAPIUtils.py", line 32, in connectVehicle
    currentTime = time.time()
NameError: global name 'time' is not defined
2017-06-04 17:11:00,560 - ERROR - Unexpected error connecting to vehicle 0033f1a4
Traceback (most recent call last):
  File "/home/lester/Documents/DroneRESTAPI/droneAPISimulator.py", line 70, in getSimulatorParams
    inVehicle=droneAPIMain.droneAPIUtils.connectVehicle(vehicleId)
  File "/home/lester/Documents/DroneRESTAPI/droneAPIUtils.py", line 60, in connectVehicle
    raise Exception('Unexpected error connecting to vehicle ' + str(inVehicleId))
Exception: Unexpected error connecting to vehicle 0033f1a4
2017-06-04 17:11:00,560 - ERROR - Unexpected error connecting to vehicle 0033f1a4
Traceback (most recent call last):
  File "/home/lester/Documents/DroneRESTAPI/droneAPISimulator.py", line 70, in getSimulatorParams
    inVehicle=droneAPIMain.droneAPIUtils.connectVehicle(vehicleId)
  File "/home/lester/Documents/DroneRESTAPI/droneAPIUtils.py", line 60, in connectVehicle
    raise Exception('Unexpected error connecting to vehicle ' + str(inVehicleId))
Exception: Unexpected error connecting to vehicle 0033f1a4
2017-06-04 17:11:00,560 - WARNING - vehicleStatus:GET Cant connect to vehicle0033f1a4
2017-06-04 17:11:00,560 - WARNING - vehicleStatus:GET Cant connect to vehicle0033f1a4
2017-06-04 17:11:15,982 - INFO - ##################################################################################
2017-06-04 17:11:15,982 - INFO - Starting DroneAPI server
2017-06-04 17:11:15,982 - INFO - ##################################################################################
2017-06-04 17:11:15,982 - INFO - Dev version connected to Redis at Redis<ConnectionPool<Connection<host=localhost,port=6379,db=0>>> and home domain of http://localhost:1235
2017-06-04 17:11:15,983 - INFO - Connected to Redis dB
2017-06-04 17:11:15,983 - INFO - ##################################################################################
2017-06-04 17:11:15,983 - INFO - ##################################################################################
2017-06-04 17:11:15,983 - INFO - Starting DroneAPI server
2017-06-04 17:11:15,983 - INFO - Starting DroneAPI server
2017-06-04 17:11:15,983 - INFO - ##################################################################################
2017-06-04 17:11:15,983 - INFO - ##################################################################################
2017-06-04 17:11:15,983 - INFO - Dev version connected to Redis at Redis<ConnectionPool<Connection<host=localhost,port=6379,db=0>>> and home domain of http://localhost:1235
2017-06-04 17:11:15,983 - INFO - Dev version connected to Redis at Redis<ConnectionPool<Connection<host=localhost,port=6379,db=0>>> and home domain of http://localhost:1235
2017-06-04 17:11:15,984 - INFO - Connected to Redis dB
2017-06-04 17:11:15,984 - INFO - Connected to Redis dB
2017-06-04 17:11:19,058 - INFO - #### Method GET of simulator ####
2017-06-04 17:11:19,058 - INFO - #### Method GET of simulator ####
2017-06-04 17:11:19,059 - WARNING - Caught exceptio: Unexpected error in connectVehicle:
2017-06-04 17:11:19,059 - WARNING - Caught exceptio: Unexpected error in connectVehicle:
2017-06-04 17:11:19,059 - WARNING - VehicleId=0033f1a4
2017-06-04 17:11:19,059 - WARNING - VehicleId=0033f1a4
2017-06-04 17:11:19,059 - ERROR - global name 'time' is not defined
Traceback (most recent call last):
  File "/home/lester/Documents/DroneRESTAPI/droneAPIUtils.py", line 32, in connectVehicle
    currentTime = time.time()
NameError: global name 'time' is not defined
2017-06-04 17:11:19,059 - ERROR - global name 'time' is not defined
Traceback (most recent call last):
  File "/home/lester/Documents/DroneRESTAPI/droneAPIUtils.py", line 32, in connectVehicle
    currentTime = time.time()
NameError: global name 'time' is not defined
2017-06-04 17:11:19,060 - ERROR - Unexpected error connecting to vehicle 0033f1a4
Traceback (most recent call last):
  File "/home/lester/Documents/DroneRESTAPI/droneAPISimulator.py", line 70, in getSimulatorParams
    inVehicle=droneAPIMain.droneAPIUtils.connectVehicle(vehicleId)
  File "/home/lester/Documents/DroneRESTAPI/droneAPIUtils.py", line 60, in connectVehicle
    raise Exception('Unexpected error connecting to vehicle ' + str(inVehicleId))
Exception: Unexpected error connecting to vehicle 0033f1a4
2017-06-04 17:11:19,060 - ERROR - Unexpected error connecting to vehicle 0033f1a4
Traceback (most recent call last):
  File "/home/lester/Documents/DroneRESTAPI/droneAPISimulator.py", line 70, in getSimulatorParams
    inVehicle=droneAPIMain.droneAPIUtils.connectVehicle(vehicleId)
  File "/home/lester/Documents/DroneRESTAPI/droneAPIUtils.py", line 60, in connectVehicle
    raise Exception('Unexpected error connecting to vehicle ' + str(inVehicleId))
Exception: Unexpected error connecting to vehicle 0033f1a4
2017-06-04 17:11:19,060 - WARNING - vehicleStatus:GET Cant connect to vehicle0033f1a4
2017-06-04 17:11:19,060 - WARNING - vehicleStatus:GET Cant connect to vehicle0033f1a4
2017-06-04 17:13:21,713 - INFO - ##################################################################################
2017-06-04 17:13:21,713 - INFO - Starting DroneAPI server
2017-06-04 17:13:21,713 - INFO - ##################################################################################
2017-06-04 17:13:21,713 - INFO - Dev version connected to Redis at Redis<ConnectionPool<Connection<host=localhost,port=6379,db=0>>> and home domain of http://localhost:1235
2017-06-04 17:13:21,714 - INFO - Connected to Redis dB
2017-06-04 17:13:21,714 - INFO - ##################################################################################
2017-06-04 17:13:21,714 - INFO - ##################################################################################
2017-06-04 17:13:21,714 - INFO - Starting DroneAPI server
2017-06-04 17:13:21,714 - INFO - Starting DroneAPI server
2017-06-04 17:13:21,714 - INFO - ##################################################################################
2017-06-04 17:13:21,714 - INFO - ##################################################################################
2017-06-04 17:13:21,714 - INFO - Dev version connected to Redis at Redis<ConnectionPool<Connection<host=localhost,port=6379,db=0>>> and home domain of http://localhost:1235
2017-06-04 17:13:21,714 - INFO - Dev version connected to Redis at Redis<ConnectionPool<Connection<host=localhost,port=6379,db=0>>> and home domain of http://localhost:1235
2017-06-04 17:13:21,715 - INFO - Connected to Redis dB
2017-06-04 17:13:21,715 - INFO - Connected to Redis dB
2017-06-04 17:13:26,173 - INFO - #### Method GET of simulator ####
2017-06-04 17:13:26,173 - INFO - #### Method GET of simulator ####
2017-06-04 17:13:26,174 - INFO - timeSinceStart= 905.534046888
2017-06-04 17:13:26,174 - INFO - timeSinceStart= 905.534046888
2017-06-04 17:13:26,174 - INFO - connection string for vehicle 0033f1a4='udp:127.0.0.1:14561'
2017-06-04 17:13:26,174 - INFO - connection string for vehicle 0033f1a4='udp:127.0.0.1:14561'
2017-06-04 17:13:26,174 - INFO - connectionString: udp:127.0.0.1:14561
2017-06-04 17:13:26,174 - INFO - connectionString: udp:127.0.0.1:14561
2017-06-04 17:13:26,174 - INFO - Connecting to vehicle on: udp:127.0.0.1:14561
2017-06-04 17:13:26,174 - INFO - Connecting to vehicle on: udp:127.0.0.1:14561
2017-06-04 17:13:26,175 - WARNING - Caught exceptio: Unexpected error in connectVehicle:
2017-06-04 17:13:26,175 - WARNING - Caught exceptio: Unexpected error in connectVehicle:
2017-06-04 17:13:26,175 - WARNING - VehicleId=0033f1a4
2017-06-04 17:13:26,175 - WARNING - VehicleId=0033f1a4
2017-06-04 17:13:26,175 - ERROR - global name 'connectionNameTypeDict' is not defined
Traceback (most recent call last):
  File "/home/lester/Documents/DroneRESTAPI/droneAPIUtils.py", line 44, in connectVehicle
    connectionNameTypeDict[inVehicleId]={"name":vehicleName,"vehicleType":vehicleType}
NameError: global name 'connectionNameTypeDict' is not defined
2017-06-04 17:13:26,175 - ERROR - global name 'connectionNameTypeDict' is not defined
Traceback (most recent call last):
  File "/home/lester/Documents/DroneRESTAPI/droneAPIUtils.py", line 44, in connectVehicle
    connectionNameTypeDict[inVehicleId]={"name":vehicleName,"vehicleType":vehicleType}
NameError: global name 'connectionNameTypeDict' is not defined
2017-06-04 17:13:26,175 - ERROR - Unexpected error connecting to vehicle 0033f1a4
Traceback (most recent call last):
  File "/home/lester/Documents/DroneRESTAPI/droneAPISimulator.py", line 70, in getSimulatorParams
    inVehicle=droneAPIMain.droneAPIUtils.connectVehicle(vehicleId)
  File "/home/lester/Documents/DroneRESTAPI/droneAPIUtils.py", line 60, in connectVehicle
    raise Exception('Unexpected error connecting to vehicle ' + str(inVehicleId))
Exception: Unexpected error connecting to vehicle 0033f1a4
2017-06-04 17:13:26,175 - ERROR - Unexpected error connecting to vehicle 0033f1a4
Traceback (most recent call last):
  File "/home/lester/Documents/DroneRESTAPI/droneAPISimulator.py", line 70, in getSimulatorParams
    inVehicle=droneAPIMain.droneAPIUtils.connectVehicle(vehicleId)
  File "/home/lester/Documents/DroneRESTAPI/droneAPIUtils.py", line 60, in connectVehicle
    raise Exception('Unexpected error connecting to vehicle ' + str(inVehicleId))
Exception: Unexpected error connecting to vehicle 0033f1a4
2017-06-04 17:13:26,175 - WARNING - vehicleStatus:GET Cant connect to vehicle0033f1a4
2017-06-04 17:13:26,175 - WARNING - vehicleStatus:GET Cant connect to vehicle0033f1a4
2017-06-04 17:14:40,318 - INFO - ##################################################################################
2017-06-04 17:14:40,318 - INFO - Starting DroneAPI server
2017-06-04 17:14:40,318 - INFO - ##################################################################################
2017-06-04 17:14:40,318 - INFO - Dev version connected to Redis at Redis<ConnectionPool<Connection<host=localhost,port=6379,db=0>>> and home domain of http://localhost:1235
2017-06-04 17:14:40,319 - INFO - Connected to Redis dB
2017-06-04 17:14:40,319 - INFO - ##################################################################################
2017-06-04 17:14:40,319 - INFO - ##################################################################################
2017-06-04 17:14:40,319 - INFO - Starting DroneAPI server
2017-06-04 17:14:40,319 - INFO - Starting DroneAPI server
2017-06-04 17:14:40,319 - INFO - ##################################################################################
2017-06-04 17:14:40,319 - INFO - ##################################################################################
2017-06-04 17:14:40,319 - INFO - Dev version connected to Redis at Redis<ConnectionPool<Connection<host=localhost,port=6379,db=0>>> and home domain of http://localhost:1235
2017-06-04 17:14:40,319 - INFO - Dev version connected to Redis at Redis<ConnectionPool<Connection<host=localhost,port=6379,db=0>>> and home domain of http://localhost:1235
2017-06-04 17:14:40,320 - INFO - Connected to Redis dB
2017-06-04 17:14:40,320 - INFO - Connected to Redis dB
2017-06-04 17:14:43,620 - INFO - #### Method GET of simulator ####
2017-06-04 17:14:43,620 - INFO - #### Method GET of simulator ####
2017-06-04 17:14:43,620 - INFO - timeSinceStart= 982.980006933
2017-06-04 17:14:43,620 - INFO - timeSinceStart= 982.980006933
2017-06-04 17:14:43,620 - INFO - connection string for vehicle 0033f1a4='udp:127.0.0.1:14561'
2017-06-04 17:14:43,620 - INFO - connection string for vehicle 0033f1a4='udp:127.0.0.1:14561'
2017-06-04 17:14:43,620 - INFO - connectionString: udp:127.0.0.1:14561
2017-06-04 17:14:43,620 - INFO - connectionString: udp:127.0.0.1:14561
2017-06-04 17:14:43,620 - INFO - Connecting to vehicle on: udp:127.0.0.1:14561
2017-06-04 17:14:43,620 - INFO - Connecting to vehicle on: udp:127.0.0.1:14561
2017-06-04 17:14:43,620 - WARNING - Caught exceptio: Unexpected error in connectVehicle:
2017-06-04 17:14:43,620 - WARNING - Caught exceptio: Unexpected error in connectVehicle:
2017-06-04 17:14:43,620 - WARNING - VehicleId=0033f1a4
2017-06-04 17:14:43,620 - WARNING - VehicleId=0033f1a4
2017-06-04 17:14:43,621 - ERROR - global name 'connect' is not defined
Traceback (most recent call last):
  File "/home/lester/Documents/DroneRESTAPI/droneAPIUtils.py", line 46, in connectVehicle
    droneAPIMain.connectionDict[inVehicleId] = connect(connectionString, wait_ready=True, heartbeat_timeout=10)
NameError: global name 'connect' is not defined
2017-06-04 17:14:43,621 - ERROR - global name 'connect' is not defined
Traceback (most recent call last):
  File "/home/lester/Documents/DroneRESTAPI/droneAPIUtils.py", line 46, in connectVehicle
    droneAPIMain.connectionDict[inVehicleId] = connect(connectionString, wait_ready=True, heartbeat_timeout=10)
NameError: global name 'connect' is not defined
2017-06-04 17:14:43,621 - ERROR - Unexpected error connecting to vehicle 0033f1a4
Traceback (most recent call last):
  File "/home/lester/Documents/DroneRESTAPI/droneAPISimulator.py", line 70, in getSimulatorParams
    inVehicle=droneAPIMain.droneAPIUtils.connectVehicle(vehicleId)
  File "/home/lester/Documents/DroneRESTAPI/droneAPIUtils.py", line 60, in connectVehicle
    raise Exception('Unexpected error connecting to vehicle ' + str(inVehicleId))
Exception: Unexpected error connecting to vehicle 0033f1a4
2017-06-04 17:14:43,621 - ERROR - Unexpected error connecting to vehicle 0033f1a4
Traceback (most recent call last):
  File "/home/lester/Documents/DroneRESTAPI/droneAPISimulator.py", line 70, in getSimulatorParams
    inVehicle=droneAPIMain.droneAPIUtils.connectVehicle(vehicleId)
  File "/home/lester/Documents/DroneRESTAPI/droneAPIUtils.py", line 60, in connectVehicle
    raise Exception('Unexpected error connecting to vehicle ' + str(inVehicleId))
Exception: Unexpected error connecting to vehicle 0033f1a4
2017-06-04 17:14:43,621 - WARNING - vehicleStatus:GET Cant connect to vehicle0033f1a4
2017-06-04 17:14:43,621 - WARNING - vehicleStatus:GET Cant connect to vehicle0033f1a4
2017-06-04 17:16:09,909 - INFO - ##################################################################################
2017-06-04 17:16:09,910 - INFO - Starting DroneAPI server
2017-06-04 17:16:09,910 - INFO - ##################################################################################
2017-06-04 17:16:09,910 - INFO - Dev version connected to Redis at Redis<ConnectionPool<Connection<host=localhost,port=6379,db=0>>> and home domain of http://localhost:1235
2017-06-04 17:16:09,911 - INFO - Connected to Redis dB
2017-06-04 17:16:09,911 - INFO - ##################################################################################
2017-06-04 17:16:09,911 - INFO - ##################################################################################
2017-06-04 17:16:09,911 - INFO - Starting DroneAPI server
2017-06-04 17:16:09,911 - INFO - Starting DroneAPI server
2017-06-04 17:16:09,911 - INFO - ##################################################################################
2017-06-04 17:16:09,911 - INFO - ##################################################################################
2017-06-04 17:16:09,911 - INFO - Dev version connected to Redis at Redis<ConnectionPool<Connection<host=localhost,port=6379,db=0>>> and home domain of http://localhost:1235
2017-06-04 17:16:09,911 - INFO - Dev version connected to Redis at Redis<ConnectionPool<Connection<host=localhost,port=6379,db=0>>> and home domain of http://localhost:1235
2017-06-04 17:16:09,912 - INFO - Connected to Redis dB
2017-06-04 17:16:09,912 - INFO - Connected to Redis dB
2017-06-04 17:16:12,804 - INFO - #### Method GET of simulator ####
2017-06-04 17:16:12,804 - INFO - #### Method GET of simulator ####
2017-06-04 17:16:12,805 - INFO - timeSinceStart= 1072.16518593
2017-06-04 17:16:12,805 - INFO - timeSinceStart= 1072.16518593
2017-06-04 17:16:12,805 - INFO - connection string for vehicle 0033f1a4='udp:127.0.0.1:14561'
2017-06-04 17:16:12,805 - INFO - connection string for vehicle 0033f1a4='udp:127.0.0.1:14561'
2017-06-04 17:16:12,806 - INFO - connectionString: udp:127.0.0.1:14561
2017-06-04 17:16:12,806 - INFO - connectionString: udp:127.0.0.1:14561
2017-06-04 17:16:12,806 - INFO - Connecting to vehicle on: udp:127.0.0.1:14561
2017-06-04 17:16:12,806 - INFO - Connecting to vehicle on: udp:127.0.0.1:14561
2017-06-04 17:16:13,915 - INFO - droneAPIMain.actionArrayDict
2017-06-04 17:16:13,915 - INFO - droneAPIMain.actionArrayDict
2017-06-04 17:16:13,915 - INFO - {u'0033f1a4': []}
2017-06-04 17:16:13,915 - INFO - {u'0033f1a4': []}
2017-06-04 17:16:17,554 - INFO - #### Method GET of vehicleStatus ####
2017-06-04 17:16:17,554 - INFO - #### Method GET of vehicleStatus ####
2017-06-04 17:16:17,555 - INFO - timeSinceStart= 1076.91469097
2017-06-04 17:16:17,555 - INFO - timeSinceStart= 1076.91469097
2017-06-04 17:16:17,555 - INFO - connection string for vehicle 0033f1a4='udp:127.0.0.1:14561'
2017-06-04 17:16:17,555 - INFO - connection string for vehicle 0033f1a4='udp:127.0.0.1:14561'
2017-06-04 17:16:22,131 - INFO - #### Method GET of vehicleIndex #####
2017-06-04 17:16:22,131 - INFO - #### Method GET of vehicleIndex #####
2017-06-04 17:18:56,344 - INFO - ##################################################################################
2017-06-04 17:18:56,344 - INFO - Starting DroneAPI server
2017-06-04 17:18:56,344 - INFO - ##################################################################################
2017-06-04 17:18:56,344 - INFO - Dev version connected to Redis at Redis<ConnectionPool<Connection<host=localhost,port=6379,db=0>>> and home domain of http://localhost:1235
2017-06-04 17:18:56,345 - INFO - Connected to Redis dB
2017-06-04 17:18:56,346 - INFO - ##################################################################################
2017-06-04 17:18:56,346 - INFO - ##################################################################################
2017-06-04 17:18:56,346 - INFO - Starting DroneAPI server
2017-06-04 17:18:56,346 - INFO - Starting DroneAPI server
2017-06-04 17:18:56,346 - INFO - ##################################################################################
2017-06-04 17:18:56,346 - INFO - ##################################################################################
2017-06-04 17:18:56,346 - INFO - Dev version connected to Redis at Redis<ConnectionPool<Connection<host=localhost,port=6379,db=0>>> and home domain of http://localhost:1235
2017-06-04 17:18:56,346 - INFO - Dev version connected to Redis at Redis<ConnectionPool<Connection<host=localhost,port=6379,db=0>>> and home domain of http://localhost:1235
2017-06-04 17:18:56,347 - INFO - Connected to Redis dB
2017-06-04 17:18:56,347 - INFO - Connected to Redis dB
2017-06-04 17:19:00,151 - INFO - #### Method GET of vehicleIndex #####
2017-06-04 17:19:00,151 - INFO - #### Method GET of vehicleIndex #####
2017-06-04 17:19:03,283 - INFO - #### Method GET of vehicleStatus ####
2017-06-04 17:19:03,283 - INFO - #### Method GET of vehicleStatus ####
2017-06-04 17:19:03,286 - INFO - timeSinceStart= 1242.64593005
2017-06-04 17:19:03,286 - INFO - timeSinceStart= 1242.64593005
2017-06-04 17:19:03,286 - INFO - connection string for vehicle 0033f1a4='udp:127.0.0.1:14561'
2017-06-04 17:19:03,286 - INFO - connection string for vehicle 0033f1a4='udp:127.0.0.1:14561'
2017-06-04 17:19:03,287 - INFO - connectionString: udp:127.0.0.1:14561
2017-06-04 17:19:03,287 - INFO - connectionString: udp:127.0.0.1:14561
2017-06-04 17:19:03,287 - INFO - Connecting to vehicle on: udp:127.0.0.1:14561
2017-06-04 17:19:03,287 - INFO - Connecting to vehicle on: udp:127.0.0.1:14561
2017-06-04 17:19:04,096 - INFO - droneAPIMain.actionArrayDict
2017-06-04 17:19:04,096 - INFO - droneAPIMain.actionArrayDict
2017-06-04 17:19:04,096 - INFO - {u'0033f1a4': []}
2017-06-04 17:19:04,096 - INFO - {u'0033f1a4': []}
2017-06-04 17:19:04,096 - ERROR - 'module' object has no attribute 'latLonAltObj'
Traceback (most recent call last):
  File "/home/lester/Documents/DroneRESTAPI/droneAPIMain.py", line 982, in GET
    vehicleStatus=getVehicleStatus(inVehicle)
  File "/home/lester/Documents/DroneRESTAPI/droneAPIMain.py", line 320, in getVehicleStatus
    global_frame=droneAPIUtils.latLonAltObj(inVehicle.location.global_frame)
AttributeError: 'module' object has no attribute 'latLonAltObj'
2017-06-04 17:19:04,096 - ERROR - 'module' object has no attribute 'latLonAltObj'
Traceback (most recent call last):
  File "/home/lester/Documents/DroneRESTAPI/droneAPIMain.py", line 982, in GET
    vehicleStatus=getVehicleStatus(inVehicle)
  File "/home/lester/Documents/DroneRESTAPI/droneAPIMain.py", line 320, in getVehicleStatus
    global_frame=droneAPIUtils.latLonAltObj(inVehicle.location.global_frame)
AttributeError: 'module' object has no attribute 'latLonAltObj'
2017-06-04 17:19:57,478 - INFO - ##################################################################################
2017-06-04 17:19:57,478 - INFO - Starting DroneAPI server
2017-06-04 17:19:57,478 - INFO - ##################################################################################
2017-06-04 17:19:57,478 - INFO - Dev version connected to Redis at Redis<ConnectionPool<Connection<host=localhost,port=6379,db=0>>> and home domain of http://localhost:1235
2017-06-04 17:19:57,479 - INFO - Connected to Redis dB
2017-06-04 17:19:57,479 - INFO - ##################################################################################
2017-06-04 17:19:57,479 - INFO - ##################################################################################
2017-06-04 17:19:57,480 - INFO - Starting DroneAPI server
2017-06-04 17:19:57,480 - INFO - Starting DroneAPI server
2017-06-04 17:19:57,480 - INFO - ##################################################################################
2017-06-04 17:19:57,480 - INFO - ##################################################################################
2017-06-04 17:19:57,480 - INFO - Dev version connected to Redis at Redis<ConnectionPool<Connection<host=localhost,port=6379,db=0>>> and home domain of http://localhost:1235
2017-06-04 17:19:57,480 - INFO - Dev version connected to Redis at Redis<ConnectionPool<Connection<host=localhost,port=6379,db=0>>> and home domain of http://localhost:1235
2017-06-04 17:19:57,480 - INFO - Connected to Redis dB
2017-06-04 17:19:57,480 - INFO - Connected to Redis dB
2017-06-04 17:20:01,295 - INFO - #### Method GET of vehicleStatus ####
2017-06-04 17:20:01,295 - INFO - #### Method GET of vehicleStatus ####
2017-06-04 17:20:01,296 - INFO - timeSinceStart= 1300.65569401
2017-06-04 17:20:01,296 - INFO - timeSinceStart= 1300.65569401
2017-06-04 17:20:01,296 - INFO - connection string for vehicle 0033f1a4='udp:127.0.0.1:14561'
2017-06-04 17:20:01,296 - INFO - connection string for vehicle 0033f1a4='udp:127.0.0.1:14561'
2017-06-04 17:20:01,296 - INFO - connectionString: udp:127.0.0.1:14561
2017-06-04 17:20:01,296 - INFO - connectionString: udp:127.0.0.1:14561
2017-06-04 17:20:01,296 - INFO - Connecting to vehicle on: udp:127.0.0.1:14561
2017-06-04 17:20:01,296 - INFO - Connecting to vehicle on: udp:127.0.0.1:14561
2017-06-04 17:20:02,004 - INFO - droneAPIMain.actionArrayDict
2017-06-04 17:20:02,004 - INFO - droneAPIMain.actionArrayDict
2017-06-04 17:20:02,004 - INFO - {u'0033f1a4': []}
2017-06-04 17:20:02,004 - INFO - {u'0033f1a4': []}
2017-06-04 17:20:02,005 - ERROR - global name 'math' is not defined
Traceback (most recent call last):
  File "/home/lester/Documents/DroneRESTAPI/droneAPIMain.py", line 992, in GET
    distance=droneAPIUtils.distanceInMeters(vehicleStatus["zone"]["shape"]["lat"],vehicleStatus["zone"]["shape"]["lon"],vehicleStatus["global_frame"]["lat"],vehicleStatus["global_frame"]["lon"])
  File "/home/lester/Documents/DroneRESTAPI/droneAPIUtils.py", line 76, in distanceInMeters
    lat1 = math.radians(lat1)
NameError: global name 'math' is not defined
2017-06-04 17:20:02,005 - ERROR - global name 'math' is not defined
Traceback (most recent call last):
  File "/home/lester/Documents/DroneRESTAPI/droneAPIMain.py", line 992, in GET
    distance=droneAPIUtils.distanceInMeters(vehicleStatus["zone"]["shape"]["lat"],vehicleStatus["zone"]["shape"]["lon"],vehicleStatus["global_frame"]["lat"],vehicleStatus["global_frame"]["lon"])
  File "/home/lester/Documents/DroneRESTAPI/droneAPIUtils.py", line 76, in distanceInMeters
    lat1 = math.radians(lat1)
NameError: global name 'math' is not defined
2017-06-04 17:20:19,636 - INFO - ##################################################################################
2017-06-04 17:20:19,636 - INFO - Starting DroneAPI server
2017-06-04 17:20:19,636 - INFO - ##################################################################################
2017-06-04 17:20:19,636 - INFO - Dev version connected to Redis at Redis<ConnectionPool<Connection<host=localhost,port=6379,db=0>>> and home domain of http://localhost:1235
2017-06-04 17:20:19,637 - INFO - Connected to Redis dB
2017-06-04 17:20:19,637 - INFO - ##################################################################################
2017-06-04 17:20:19,637 - INFO - ##################################################################################
2017-06-04 17:20:19,637 - INFO - Starting DroneAPI server
2017-06-04 17:20:19,637 - INFO - Starting DroneAPI server
2017-06-04 17:20:19,637 - INFO - ##################################################################################
2017-06-04 17:20:19,637 - INFO - ##################################################################################
2017-06-04 17:20:19,637 - INFO - Dev version connected to Redis at Redis<ConnectionPool<Connection<host=localhost,port=6379,db=0>>> and home domain of http://localhost:1235
2017-06-04 17:20:19,637 - INFO - Dev version connected to Redis at Redis<ConnectionPool<Connection<host=localhost,port=6379,db=0>>> and home domain of http://localhost:1235
2017-06-04 17:20:19,638 - INFO - Connected to Redis dB
2017-06-04 17:20:19,638 - INFO - Connected to Redis dB
2017-06-04 17:20:22,536 - INFO - #### Method GET of vehicleStatus ####
2017-06-04 17:20:22,536 - INFO - #### Method GET of vehicleStatus ####
2017-06-04 17:20:22,538 - INFO - timeSinceStart= 1321.89762092
2017-06-04 17:20:22,538 - INFO - timeSinceStart= 1321.89762092
2017-06-04 17:20:22,538 - INFO - connection string for vehicle 0033f1a4='udp:127.0.0.1:14561'
2017-06-04 17:20:22,538 - INFO - connection string for vehicle 0033f1a4='udp:127.0.0.1:14561'
2017-06-04 17:20:22,538 - INFO - connectionString: udp:127.0.0.1:14561
2017-06-04 17:20:22,538 - INFO - connectionString: udp:127.0.0.1:14561
2017-06-04 17:20:22,538 - INFO - Connecting to vehicle on: udp:127.0.0.1:14561
2017-06-04 17:20:22,538 - INFO - Connecting to vehicle on: udp:127.0.0.1:14561
2017-06-04 17:20:24,146 - INFO - droneAPIMain.actionArrayDict
2017-06-04 17:20:24,146 - INFO - droneAPIMain.actionArrayDict
2017-06-04 17:20:24,146 - INFO - {u'0033f1a4': []}
2017-06-04 17:20:24,146 - INFO - {u'0033f1a4': []}
2017-06-04 17:20:27,044 - INFO - #### Method GET of simulator ####
2017-06-04 17:20:27,044 - INFO - #### Method GET of simulator ####
2017-06-04 17:20:27,045 - INFO - timeSinceStart= 1326.4044559
2017-06-04 17:20:27,045 - INFO - timeSinceStart= 1326.4044559
2017-06-04 17:20:27,045 - INFO - connection string for vehicle 0033f1a4='udp:127.0.0.1:14561'
2017-06-04 17:20:27,045 - INFO - connection string for vehicle 0033f1a4='udp:127.0.0.1:14561'
2017-06-04 17:20:29,804 - INFO - #### Method GET of vehicleIndex #####
2017-06-04 17:20:29,804 - INFO - #### Method GET of vehicleIndex #####
2017-06-04 17:24:01,909 - INFO - ##################################################################################
2017-06-04 17:24:01,909 - INFO - Starting DroneAPI server
2017-06-04 17:24:01,909 - INFO - ##################################################################################
2017-06-04 17:24:01,909 - INFO - Dev version connected to Redis at Redis<ConnectionPool<Connection<host=localhost,port=6379,db=0>>> and home domain of http://localhost:1235
2017-06-04 17:24:01,910 - INFO - Connected to Redis dB
2017-06-04 17:24:01,911 - INFO - ##################################################################################
2017-06-04 17:24:01,911 - INFO - ##################################################################################
2017-06-04 17:24:01,911 - INFO - Starting DroneAPI server
2017-06-04 17:24:01,911 - INFO - Starting DroneAPI server
2017-06-04 17:24:01,911 - INFO - ##################################################################################
2017-06-04 17:24:01,911 - INFO - ##################################################################################
2017-06-04 17:24:01,911 - INFO - Dev version connected to Redis at Redis<ConnectionPool<Connection<host=localhost,port=6379,db=0>>> and home domain of http://localhost:1235
2017-06-04 17:24:01,911 - INFO - Dev version connected to Redis at Redis<ConnectionPool<Connection<host=localhost,port=6379,db=0>>> and home domain of http://localhost:1235
2017-06-04 17:24:01,911 - INFO - Connected to Redis dB
2017-06-04 17:24:01,911 - INFO - Connected to Redis dB
2017-06-04 17:24:07,173 - INFO - #### Method GET of vehicleIndex #####
2017-06-04 17:24:07,173 - INFO - #### Method GET of vehicleIndex #####
2017-06-04 17:24:10,266 - INFO - #### Method GET of vehicleStatus ####
2017-06-04 17:24:10,266 - INFO - #### Method GET of vehicleStatus ####
2017-06-04 17:24:10,266 - INFO - timeSinceStart= 1549.62618589
2017-06-04 17:24:10,266 - INFO - timeSinceStart= 1549.62618589
2017-06-04 17:24:10,266 - INFO - connection string for vehicle 0033f1a4='udp:127.0.0.1:14561'
2017-06-04 17:24:10,266 - INFO - connection string for vehicle 0033f1a4='udp:127.0.0.1:14561'
2017-06-04 17:24:10,266 - INFO - connectionString: udp:127.0.0.1:14561
2017-06-04 17:24:10,266 - INFO - connectionString: udp:127.0.0.1:14561
2017-06-04 17:24:10,267 - INFO - Connecting to vehicle on: udp:127.0.0.1:14561
2017-06-04 17:24:10,267 - INFO - Connecting to vehicle on: udp:127.0.0.1:14561
2017-06-04 17:24:11,174 - INFO - droneAPIMain.actionArrayDict
2017-06-04 17:24:11,174 - INFO - droneAPIMain.actionArrayDict
2017-06-04 17:24:11,174 - INFO - {u'0033f1a4': []}
2017-06-04 17:24:11,174 - INFO - {u'0033f1a4': []}
2017-06-04 17:24:14,166 - INFO - #### Method GET of simulator ####
2017-06-04 17:24:14,166 - INFO - #### Method GET of simulator ####
2017-06-04 17:24:14,167 - INFO - timeSinceStart= 1553.5265739
2017-06-04 17:24:14,167 - INFO - timeSinceStart= 1553.5265739
2017-06-04 17:24:14,167 - INFO - connection string for vehicle 0033f1a4='udp:127.0.0.1:14561'
2017-06-04 17:24:14,167 - INFO - connection string for vehicle 0033f1a4='udp:127.0.0.1:14561'
2017-06-04 17:24:21,384 - INFO - #### Method GET of action ####
2017-06-04 17:24:21,384 - INFO - #### Method GET of action ####
2017-06-04 17:24:21,384 - INFO - timeSinceStart= 1560.74443197
2017-06-04 17:24:21,384 - INFO - timeSinceStart= 1560.74443197
2017-06-04 17:24:21,385 - INFO - connection string for vehicle 0033f1a4='udp:127.0.0.1:14561'
2017-06-04 17:24:21,385 - INFO - connection string for vehicle 0033f1a4='udp:127.0.0.1:14561'
2017-06-04 17:24:21,385 - ERROR - global name 'getVehicleStatus' is not defined
Traceback (most recent call last):
  File "/home/lester/Documents/DroneRESTAPI/droneAPIAction.py", line 41, in GET
    vehicleStatus=getVehicleStatus(inVehicle)
NameError: global name 'getVehicleStatus' is not defined
2017-06-04 17:24:21,385 - ERROR - global name 'getVehicleStatus' is not defined
Traceback (most recent call last):
  File "/home/lester/Documents/DroneRESTAPI/droneAPIAction.py", line 41, in GET
    vehicleStatus=getVehicleStatus(inVehicle)
NameError: global name 'getVehicleStatus' is not defined
2017-06-04 17:26:40,526 - INFO - ##################################################################################
2017-06-04 17:26:40,526 - INFO - Starting DroneAPI server
2017-06-04 17:26:40,526 - INFO - ##################################################################################
2017-06-04 17:26:40,527 - INFO - Dev version connected to Redis at Redis<ConnectionPool<Connection<host=localhost,port=6379,db=0>>> and home domain of http://localhost:1235
2017-06-04 17:26:40,527 - INFO - Connected to Redis dB
2017-06-04 17:26:40,528 - INFO - ##################################################################################
2017-06-04 17:26:40,528 - INFO - ##################################################################################
2017-06-04 17:26:40,528 - INFO - Starting DroneAPI server
2017-06-04 17:26:40,528 - INFO - Starting DroneAPI server
2017-06-04 17:26:40,528 - INFO - ##################################################################################
2017-06-04 17:26:40,528 - INFO - ##################################################################################
2017-06-04 17:26:40,528 - INFO - Dev version connected to Redis at Redis<ConnectionPool<Connection<host=localhost,port=6379,db=0>>> and home domain of http://localhost:1235
2017-06-04 17:26:40,528 - INFO - Dev version connected to Redis at Redis<ConnectionPool<Connection<host=localhost,port=6379,db=0>>> and home domain of http://localhost:1235
2017-06-04 17:26:40,528 - INFO - Connected to Redis dB
2017-06-04 17:26:40,528 - INFO - Connected to Redis dB
2017-06-04 17:26:44,344 - INFO - #### Method GET of action ####
2017-06-04 17:26:44,344 - INFO - #### Method GET of action ####
2017-06-04 17:26:44,345 - INFO - timeSinceStart= 1703.70503402
2017-06-04 17:26:44,345 - INFO - timeSinceStart= 1703.70503402
2017-06-04 17:26:44,345 - INFO - connection string for vehicle 0033f1a4='udp:127.0.0.1:14561'
2017-06-04 17:26:44,345 - INFO - connection string for vehicle 0033f1a4='udp:127.0.0.1:14561'
2017-06-04 17:26:44,345 - INFO - connectionString: udp:127.0.0.1:14561
2017-06-04 17:26:44,345 - INFO - connectionString: udp:127.0.0.1:14561
2017-06-04 17:26:44,345 - INFO - Connecting to vehicle on: udp:127.0.0.1:14561
2017-06-04 17:26:44,345 - INFO - Connecting to vehicle on: udp:127.0.0.1:14561
2017-06-04 17:26:45,452 - INFO - droneAPIMain.actionArrayDict
2017-06-04 17:26:45,452 - INFO - droneAPIMain.actionArrayDict
2017-06-04 17:26:45,453 - INFO - {u'0033f1a4': []}
2017-06-04 17:26:45,453 - INFO - {u'0033f1a4': []}
2017-06-04 17:26:45,453 - ERROR - global name 'homeDomain' is not defined
Traceback (most recent call last):
  File "/home/lester/Documents/DroneRESTAPI/droneAPIAction.py", line 43, in GET
    outputObj["_links"]={"self":{"href":homeDomain+"/vehicle/"+str(vehicleId)+"/action","title":"Get the actions for this vehicle."}}
NameError: global name 'homeDomain' is not defined
2017-06-04 17:26:45,453 - ERROR - global name 'homeDomain' is not defined
Traceback (most recent call last):
  File "/home/lester/Documents/DroneRESTAPI/droneAPIAction.py", line 43, in GET
    outputObj["_links"]={"self":{"href":homeDomain+"/vehicle/"+str(vehicleId)+"/action","title":"Get the actions for this vehicle."}}
NameError: global name 'homeDomain' is not defined
2017-06-04 17:27:43,348 - INFO - ##################################################################################
2017-06-04 17:27:43,348 - INFO - Starting DroneAPI server
2017-06-04 17:27:43,348 - INFO - ##################################################################################
2017-06-04 17:27:43,348 - INFO - Dev version connected to Redis at Redis<ConnectionPool<Connection<host=localhost,port=6379,db=0>>> and home domain of http://localhost:1235
2017-06-04 17:27:43,349 - INFO - Connected to Redis dB
2017-06-04 17:27:43,349 - INFO - ##################################################################################
2017-06-04 17:27:43,349 - INFO - ##################################################################################
2017-06-04 17:27:43,349 - INFO - Starting DroneAPI server
2017-06-04 17:27:43,349 - INFO - Starting DroneAPI server
2017-06-04 17:27:43,350 - INFO - ##################################################################################
2017-06-04 17:27:43,350 - INFO - ##################################################################################
2017-06-04 17:27:43,350 - INFO - Dev version connected to Redis at Redis<ConnectionPool<Connection<host=localhost,port=6379,db=0>>> and home domain of http://localhost:1235
2017-06-04 17:27:43,350 - INFO - Dev version connected to Redis at Redis<ConnectionPool<Connection<host=localhost,port=6379,db=0>>> and home domain of http://localhost:1235
2017-06-04 17:27:43,350 - INFO - Connected to Redis dB
2017-06-04 17:27:43,350 - INFO - Connected to Redis dB
2017-06-04 17:27:46,628 - INFO - #### Method GET of action ####
2017-06-04 17:27:46,628 - INFO - #### Method GET of action ####
2017-06-04 17:27:46,630 - INFO - timeSinceStart= 1765.98978686
2017-06-04 17:27:46,630 - INFO - timeSinceStart= 1765.98978686
2017-06-04 17:27:46,630 - INFO - connection string for vehicle 0033f1a4='udp:127.0.0.1:14561'
2017-06-04 17:27:46,630 - INFO - connection string for vehicle 0033f1a4='udp:127.0.0.1:14561'
2017-06-04 17:27:46,630 - INFO - connectionString: udp:127.0.0.1:14561
2017-06-04 17:27:46,630 - INFO - connectionString: udp:127.0.0.1:14561
2017-06-04 17:27:46,630 - INFO - Connecting to vehicle on: udp:127.0.0.1:14561
2017-06-04 17:27:46,630 - INFO - Connecting to vehicle on: udp:127.0.0.1:14561
2017-06-04 17:27:47,439 - INFO - droneAPIMain.actionArrayDict
2017-06-04 17:27:47,439 - INFO - droneAPIMain.actionArrayDict
2017-06-04 17:27:47,439 - INFO - {u'0033f1a4': []}
2017-06-04 17:27:47,439 - INFO - {u'0033f1a4': []}
2017-06-04 17:27:47,439 - ERROR - global name 'updateActionStatus' is not defined
Traceback (most recent call last):
  File "/home/lester/Documents/DroneRESTAPI/droneAPIAction.py", line 106, in GET
    updateActionStatus(inVehicle, vehicleId);
NameError: global name 'updateActionStatus' is not defined
2017-06-04 17:27:47,439 - ERROR - global name 'updateActionStatus' is not defined
Traceback (most recent call last):
  File "/home/lester/Documents/DroneRESTAPI/droneAPIAction.py", line 106, in GET
    updateActionStatus(inVehicle, vehicleId);
NameError: global name 'updateActionStatus' is not defined
2017-06-04 17:30:00,110 - INFO - ##################################################################################
2017-06-04 17:30:00,110 - INFO - Starting DroneAPI server
2017-06-04 17:30:00,110 - INFO - ##################################################################################
2017-06-04 17:30:00,110 - INFO - Dev version connected to Redis at Redis<ConnectionPool<Connection<host=localhost,port=6379,db=0>>> and home domain of http://localhost:1235
2017-06-04 17:30:00,111 - INFO - Connected to Redis dB
2017-06-04 17:30:00,111 - INFO - ##################################################################################
2017-06-04 17:30:00,111 - INFO - ##################################################################################
2017-06-04 17:30:00,111 - INFO - Starting DroneAPI server
2017-06-04 17:30:00,111 - INFO - Starting DroneAPI server
2017-06-04 17:30:00,111 - INFO - ##################################################################################
2017-06-04 17:30:00,111 - INFO - ##################################################################################
2017-06-04 17:30:00,111 - INFO - Dev version connected to Redis at Redis<ConnectionPool<Connection<host=localhost,port=6379,db=0>>> and home domain of http://localhost:1235
2017-06-04 17:30:00,111 - INFO - Dev version connected to Redis at Redis<ConnectionPool<Connection<host=localhost,port=6379,db=0>>> and home domain of http://localhost:1235
2017-06-04 17:30:00,112 - INFO - Connected to Redis dB
2017-06-04 17:30:00,112 - INFO - Connected to Redis dB
2017-06-04 17:30:04,174 - INFO - #### Method GET of action ####
2017-06-04 17:30:04,174 - INFO - #### Method GET of action ####
2017-06-04 17:30:04,175 - INFO - timeSinceStart= 1903.53506804
2017-06-04 17:30:04,175 - INFO - timeSinceStart= 1903.53506804
2017-06-04 17:30:04,175 - INFO - connection string for vehicle 0033f1a4='udp:127.0.0.1:14561'
2017-06-04 17:30:04,175 - INFO - connection string for vehicle 0033f1a4='udp:127.0.0.1:14561'
2017-06-04 17:30:04,176 - INFO - connectionString: udp:127.0.0.1:14561
2017-06-04 17:30:04,176 - INFO - connectionString: udp:127.0.0.1:14561
2017-06-04 17:30:04,176 - INFO - Connecting to vehicle on: udp:127.0.0.1:14561
2017-06-04 17:30:04,176 - INFO - Connecting to vehicle on: udp:127.0.0.1:14561
2017-06-04 17:30:05,485 - INFO - droneAPIMain.actionArrayDict
2017-06-04 17:30:05,485 - INFO - droneAPIMain.actionArrayDict
2017-06-04 17:30:05,485 - INFO - {u'0033f1a4': []}
2017-06-04 17:30:05,485 - INFO - {u'0033f1a4': []}
2017-06-04 17:30:05,485 - ERROR - 'module' object has no attribute 'updateActionStatus'
Traceback (most recent call last):
  File "/home/lester/Documents/DroneRESTAPI/droneAPIAction.py", line 106, in GET
    droneAPIUtils.updateActionStatus(inVehicle, vehicleId);
AttributeError: 'module' object has no attribute 'updateActionStatus'
2017-06-04 17:30:05,485 - ERROR - 'module' object has no attribute 'updateActionStatus'
Traceback (most recent call last):
  File "/home/lester/Documents/DroneRESTAPI/droneAPIAction.py", line 106, in GET
    droneAPIUtils.updateActionStatus(inVehicle, vehicleId);
AttributeError: 'module' object has no attribute 'updateActionStatus'
2017-06-04 17:30:32,677 - INFO - ##################################################################################
2017-06-04 17:30:32,678 - INFO - Starting DroneAPI server
2017-06-04 17:30:32,678 - INFO - ##################################################################################
2017-06-04 17:30:32,678 - INFO - Dev version connected to Redis at Redis<ConnectionPool<Connection<host=localhost,port=6379,db=0>>> and home domain of http://localhost:1235
2017-06-04 17:30:32,678 - INFO - Connected to Redis dB
2017-06-04 17:30:32,679 - INFO - ##################################################################################
2017-06-04 17:30:32,679 - INFO - ##################################################################################
2017-06-04 17:30:32,679 - INFO - Starting DroneAPI server
2017-06-04 17:30:32,679 - INFO - Starting DroneAPI server
2017-06-04 17:30:32,679 - INFO - ##################################################################################
2017-06-04 17:30:32,679 - INFO - ##################################################################################
2017-06-04 17:30:32,679 - INFO - Dev version connected to Redis at Redis<ConnectionPool<Connection<host=localhost,port=6379,db=0>>> and home domain of http://localhost:1235
2017-06-04 17:30:32,679 - INFO - Dev version connected to Redis at Redis<ConnectionPool<Connection<host=localhost,port=6379,db=0>>> and home domain of http://localhost:1235
2017-06-04 17:30:32,680 - INFO - Connected to Redis dB
2017-06-04 17:30:32,680 - INFO - Connected to Redis dB
2017-06-04 17:30:36,710 - INFO - #### Method GET of action ####
2017-06-04 17:30:36,710 - INFO - #### Method GET of action ####
2017-06-04 17:30:36,710 - INFO - timeSinceStart= 1936.07038999
2017-06-04 17:30:36,710 - INFO - timeSinceStart= 1936.07038999
2017-06-04 17:30:36,711 - INFO - connection string for vehicle 0033f1a4='udp:127.0.0.1:14561'
2017-06-04 17:30:36,711 - INFO - connection string for vehicle 0033f1a4='udp:127.0.0.1:14561'
2017-06-04 17:30:36,711 - INFO - connectionString: udp:127.0.0.1:14561
2017-06-04 17:30:36,711 - INFO - connectionString: udp:127.0.0.1:14561
2017-06-04 17:30:36,711 - INFO - Connecting to vehicle on: udp:127.0.0.1:14561
2017-06-04 17:30:36,711 - INFO - Connecting to vehicle on: udp:127.0.0.1:14561
2017-06-04 17:30:37,520 - INFO - droneAPIMain.actionArrayDict
2017-06-04 17:30:37,520 - INFO - droneAPIMain.actionArrayDict
2017-06-04 17:30:37,520 - INFO - {u'0033f1a4': []}
2017-06-04 17:30:37,520 - INFO - {u'0033f1a4': []}
2017-06-04 17:30:37,521 - INFO - ############# in updateActionStatus
2017-06-04 17:30:37,521 - INFO - ############# in updateActionStatus
2017-06-04 17:30:37,521 - INFO - inVehicleId
2017-06-04 17:30:37,521 - INFO - inVehicleId
2017-06-04 17:30:37,521 - INFO - 0033f1a4
2017-06-04 17:30:37,521 - INFO - 0033f1a4
2017-06-04 17:30:37,521 - INFO - actionArrayDict
2017-06-04 17:30:37,521 - INFO - actionArrayDict
2017-06-04 17:30:37,521 - ERROR - global name 'actionArrayDict' is not defined
Traceback (most recent call last):
  File "/home/lester/Documents/DroneRESTAPI/droneAPIAction.py", line 106, in GET
    updateActionStatus(inVehicle, vehicleId);
  File "/home/lester/Documents/DroneRESTAPI/droneAPIAction.py", line 473, in updateActionStatus
    my_logger.info(actionArrayDict)
NameError: global name 'actionArrayDict' is not defined
2017-06-04 17:30:37,521 - ERROR - global name 'actionArrayDict' is not defined
Traceback (most recent call last):
  File "/home/lester/Documents/DroneRESTAPI/droneAPIAction.py", line 106, in GET
    updateActionStatus(inVehicle, vehicleId);
  File "/home/lester/Documents/DroneRESTAPI/droneAPIAction.py", line 473, in updateActionStatus
    my_logger.info(actionArrayDict)
NameError: global name 'actionArrayDict' is not defined
2017-06-04 17:31:12,606 - INFO - ##################################################################################
2017-06-04 17:31:12,606 - INFO - Starting DroneAPI server
2017-06-04 17:31:12,606 - INFO - ##################################################################################
2017-06-04 17:31:12,606 - INFO - Dev version connected to Redis at Redis<ConnectionPool<Connection<host=localhost,port=6379,db=0>>> and home domain of http://localhost:1235
2017-06-04 17:31:12,607 - INFO - Connected to Redis dB
2017-06-04 17:31:12,607 - INFO - ##################################################################################
2017-06-04 17:31:12,607 - INFO - ##################################################################################
2017-06-04 17:31:12,607 - INFO - Starting DroneAPI server
2017-06-04 17:31:12,607 - INFO - Starting DroneAPI server
2017-06-04 17:31:12,607 - INFO - ##################################################################################
2017-06-04 17:31:12,607 - INFO - ##################################################################################
2017-06-04 17:31:12,607 - INFO - Dev version connected to Redis at Redis<ConnectionPool<Connection<host=localhost,port=6379,db=0>>> and home domain of http://localhost:1235
2017-06-04 17:31:12,607 - INFO - Dev version connected to Redis at Redis<ConnectionPool<Connection<host=localhost,port=6379,db=0>>> and home domain of http://localhost:1235
2017-06-04 17:31:12,608 - INFO - Connected to Redis dB
2017-06-04 17:31:12,608 - INFO - Connected to Redis dB
2017-06-04 17:31:16,467 - INFO - #### Method GET of action ####
2017-06-04 17:31:16,467 - INFO - #### Method GET of action ####
2017-06-04 17:31:16,468 - INFO - timeSinceStart= 1975.82753992
2017-06-04 17:31:16,468 - INFO - timeSinceStart= 1975.82753992
2017-06-04 17:31:16,468 - INFO - connection string for vehicle 0033f1a4='udp:127.0.0.1:14561'
2017-06-04 17:31:16,468 - INFO - connection string for vehicle 0033f1a4='udp:127.0.0.1:14561'
2017-06-04 17:31:16,468 - INFO - connectionString: udp:127.0.0.1:14561
2017-06-04 17:31:16,468 - INFO - connectionString: udp:127.0.0.1:14561
2017-06-04 17:31:16,468 - INFO - Connecting to vehicle on: udp:127.0.0.1:14561
2017-06-04 17:31:16,468 - INFO - Connecting to vehicle on: udp:127.0.0.1:14561
2017-06-04 17:31:17,576 - INFO - droneAPIMain.actionArrayDict
2017-06-04 17:31:17,576 - INFO - droneAPIMain.actionArrayDict
2017-06-04 17:31:17,576 - INFO - {u'0033f1a4': []}
2017-06-04 17:31:17,576 - INFO - {u'0033f1a4': []}
2017-06-04 17:31:17,577 - INFO - ############# in updateActionStatus
2017-06-04 17:31:17,577 - INFO - ############# in updateActionStatus
2017-06-04 17:31:17,577 - INFO - inVehicleId
2017-06-04 17:31:17,577 - INFO - inVehicleId
2017-06-04 17:31:17,577 - INFO - 0033f1a4
2017-06-04 17:31:17,577 - INFO - 0033f1a4
2017-06-04 17:31:17,577 - INFO - actionArrayDict
2017-06-04 17:31:17,577 - INFO - actionArrayDict
2017-06-04 17:31:17,578 - ERROR - global name 'actionArrayDict' is not defined
Traceback (most recent call last):
  File "/home/lester/Documents/DroneRESTAPI/droneAPIAction.py", line 106, in GET
    updateActionStatus(inVehicle, vehicleId);
  File "/home/lester/Documents/DroneRESTAPI/droneAPIAction.py", line 473, in updateActionStatus
    my_logger.info(actionArrayDict)
NameError: global name 'actionArrayDict' is not defined
2017-06-04 17:31:17,578 - ERROR - global name 'actionArrayDict' is not defined
Traceback (most recent call last):
  File "/home/lester/Documents/DroneRESTAPI/droneAPIAction.py", line 106, in GET
    updateActionStatus(inVehicle, vehicleId);
  File "/home/lester/Documents/DroneRESTAPI/droneAPIAction.py", line 473, in updateActionStatus
    my_logger.info(actionArrayDict)
NameError: global name 'actionArrayDict' is not defined
2017-06-04 17:32:19,920 - INFO - ##################################################################################
2017-06-04 17:32:19,921 - INFO - Starting DroneAPI server
2017-06-04 17:32:19,921 - INFO - ##################################################################################
2017-06-04 17:32:19,921 - INFO - Dev version connected to Redis at Redis<ConnectionPool<Connection<host=localhost,port=6379,db=0>>> and home domain of http://localhost:1235
2017-06-04 17:32:19,921 - INFO - Connected to Redis dB
2017-06-04 17:32:19,922 - INFO - ##################################################################################
2017-06-04 17:32:19,922 - INFO - ##################################################################################
2017-06-04 17:32:19,922 - INFO - Starting DroneAPI server
2017-06-04 17:32:19,922 - INFO - Starting DroneAPI server
2017-06-04 17:32:19,922 - INFO - ##################################################################################
2017-06-04 17:32:19,922 - INFO - ##################################################################################
2017-06-04 17:32:19,922 - INFO - Dev version connected to Redis at Redis<ConnectionPool<Connection<host=localhost,port=6379,db=0>>> and home domain of http://localhost:1235
2017-06-04 17:32:19,922 - INFO - Dev version connected to Redis at Redis<ConnectionPool<Connection<host=localhost,port=6379,db=0>>> and home domain of http://localhost:1235
2017-06-04 17:32:19,922 - INFO - Connected to Redis dB
2017-06-04 17:32:19,922 - INFO - Connected to Redis dB
2017-06-04 17:32:23,472 - INFO - #### Method GET of action ####
2017-06-04 17:32:23,472 - INFO - #### Method GET of action ####
2017-06-04 17:32:23,473 - INFO - timeSinceStart= 2042.83266687
2017-06-04 17:32:23,473 - INFO - timeSinceStart= 2042.83266687
2017-06-04 17:32:23,473 - INFO - connection string for vehicle 0033f1a4='udp:127.0.0.1:14561'
2017-06-04 17:32:23,473 - INFO - connection string for vehicle 0033f1a4='udp:127.0.0.1:14561'
2017-06-04 17:32:23,473 - INFO - connectionString: udp:127.0.0.1:14561
2017-06-04 17:32:23,473 - INFO - connectionString: udp:127.0.0.1:14561
2017-06-04 17:32:23,473 - INFO - Connecting to vehicle on: udp:127.0.0.1:14561
2017-06-04 17:32:23,473 - INFO - Connecting to vehicle on: udp:127.0.0.1:14561
2017-06-04 17:32:24,581 - INFO - droneAPIMain.actionArrayDict
2017-06-04 17:32:24,581 - INFO - droneAPIMain.actionArrayDict
2017-06-04 17:32:24,581 - INFO - {u'0033f1a4': []}
2017-06-04 17:32:24,581 - INFO - {u'0033f1a4': []}
2017-06-04 17:32:24,581 - INFO - ############# in updateActionStatus
2017-06-04 17:32:24,581 - INFO - ############# in updateActionStatus
2017-06-04 17:32:24,582 - INFO - inVehicleId
2017-06-04 17:32:24,582 - INFO - inVehicleId
2017-06-04 17:32:24,582 - INFO - 0033f1a4
2017-06-04 17:32:24,582 - INFO - 0033f1a4
2017-06-04 17:32:24,582 - INFO - droneAPIMain.actionArrayDict
2017-06-04 17:32:24,582 - INFO - droneAPIMain.actionArrayDict
2017-06-04 17:32:24,582 - INFO - {u'0033f1a4': []}
2017-06-04 17:32:24,582 - INFO - {u'0033f1a4': []}
2017-06-04 17:32:24,582 - INFO - #############
2017-06-04 17:32:24,582 - INFO - #############
2017-06-04 17:32:24,582 - INFO - []
2017-06-04 17:32:24,582 - INFO - []
2017-06-04 17:32:31,850 - INFO - #### Method GET of simulator ####
2017-06-04 17:32:31,850 - INFO - #### Method GET of simulator ####
2017-06-04 17:32:31,850 - INFO - timeSinceStart= 2051.21042895
2017-06-04 17:32:31,850 - INFO - timeSinceStart= 2051.21042895
2017-06-04 17:32:31,851 - INFO - connection string for vehicle 0033f1a4='udp:127.0.0.1:14561'
2017-06-04 17:32:31,851 - INFO - connection string for vehicle 0033f1a4='udp:127.0.0.1:14561'
2017-06-04 17:32:34,813 - INFO - #### Method GET of vehicleStatus ####
2017-06-04 17:32:34,813 - INFO - #### Method GET of vehicleStatus ####
2017-06-04 17:32:34,814 - INFO - timeSinceStart= 2054.17402601
2017-06-04 17:32:34,814 - INFO - timeSinceStart= 2054.17402601
2017-06-04 17:32:34,814 - INFO - connection string for vehicle 0033f1a4='udp:127.0.0.1:14561'
2017-06-04 17:32:34,814 - INFO - connection string for vehicle 0033f1a4='udp:127.0.0.1:14561'
2017-06-04 17:32:37,474 - INFO - #### Method GET of vehicleIndex #####
2017-06-04 17:32:37,474 - INFO - #### Method GET of vehicleIndex #####
2017-06-04 17:32:45,959 - INFO - #### Method GET of vehicleIndex #####
2017-06-04 17:32:45,959 - INFO - #### Method GET of vehicleIndex #####
2017-06-04 17:32:47,124 - INFO - #### Method GET of vehicleIndex #####
2017-06-04 17:32:47,124 - INFO - #### Method GET of vehicleIndex #####
