2017-04-30 22:02:25,287 Connected to Redis dB
2017-04-30 22:02:25,288 Home Domain:http://localhost:1235
2017-04-30 22:02:32,359 Connected to Redis dB
2017-04-30 22:02:32,359 Home Domain:http://localhost:1235
2017-04-30 22:02:32,359 #### Method GET of index #####
2017-04-30 22:02:32,360 Applying HTTP headers
2017-04-30 22:03:45,909 Connected to Redis dB
2017-04-30 22:03:45,909 Home Domain:http://localhost:1235
2017-04-30 22:03:52,306 Connected to Redis dB
2017-04-30 22:03:52,306 Home Domain:http://localhost:1235
2017-04-30 22:03:52,306 #### Method GET of index #####
2017-04-30 22:03:52,306 Applying HTTP headers
2017-04-30 22:03:52,307 Unexpected error in method GET of index
2017-04-30 22:09:35,791 Connected to Redis dB
2017-04-30 22:09:35,791 Home Domain:http://localhost:1235
2017-04-30 22:09:41,821 Connected to Redis dB
2017-04-30 22:09:41,821 Home Domain:http://localhost:1235
2017-04-30 22:09:41,822 #### Method GET of index #####
2017-04-30 22:09:41,822 Applying HTTP headers
2017-04-30 22:10:01,200 Connected to Redis dB
2017-04-30 22:10:01,200 Home Domain:http://localhost:1235
2017-04-30 22:10:05,580 Connected to Redis dB
2017-04-30 22:10:05,580 Home Domain:http://localhost:1235
2017-04-30 22:10:05,581 #### Method GET of index #####
2017-04-30 22:10:05,581 Applying HTTP headers
2017-04-30 22:10:05,581 global name 'b10' is not defined
Traceback (most recent call last):
  File "/home/lester/Documents/DroneRESTAPI/rest.py", line 471, in GET
    a=b10
NameError: global name 'b10' is not defined
2017-04-30 22:12:10,136 INFO:Connected to Redis dB
2017-04-30 22:12:10,136 DEBUG:Home Domain:http://localhost:1235
2017-04-30 22:12:13,965 INFO:Connected to Redis dB
2017-04-30 22:12:13,965 DEBUG:Home Domain:http://localhost:1235
2017-04-30 22:12:13,965 INFO:#### Method GET of index #####
2017-04-30 22:12:13,965 DEBUG:Applying HTTP headers
2017-04-30 22:12:13,965 ERROR:global name 'b10' is not defined
Traceback (most recent call last):
  File "/home/lester/Documents/DroneRESTAPI/rest.py", line 471, in GET
    a=b10
NameError: global name 'b10' is not defined
2017-04-30 22:13:47,949 INFO:Connected to Redis dB
2017-04-30 22:13:47,949 DEBUG:Home Domain:http://localhost:1235
2017-04-30 22:13:52,109 INFO:Connected to Redis dB
2017-04-30 22:13:52,109 DEBUG:Home Domain:http://localhost:1235
2017-04-30 22:13:52,109 INFO:#### Method GET of index #####
2017-04-30 22:13:52,110 DEBUG:Applying HTTP headers
2017-04-30 22:13:52,110 ERROR:global name 'b10' is not defined
Traceback (most recent call last):
  File "/home/lester/Documents/DroneRESTAPI/rest.py", line 471, in GET
    a=b10
NameError: global name 'b10' is not defined
2017-04-30 22:15:11,874 INFO:Connected to Redis dB
2017-04-30 22:15:11,874 DEBUG:Home Domain:http://localhost:1235
2017-04-30 22:15:14,652 INFO:Connected to Redis dB
2017-04-30 22:15:14,653 DEBUG:Home Domain:http://localhost:1235
2017-04-30 22:15:14,653 INFO:#### Method GET of index #####
2017-04-30 22:15:14,653 DEBUG:Applying HTTP headers
2017-04-30 22:15:14,653 ERROR:global name 'b10' is not defined
Traceback (most recent call last):
  File "/home/lester/Documents/DroneRESTAPI/rest.py", line 471, in GET
    a=b10
NameError: global name 'b10' is not defined
2017-04-30 22:23:06,203 INFO:Connected to Redis dB
2017-04-30 22:23:06,203 DEBUG:Home Domain:http://localhost:1235
2017-04-30 22:23:11,722 INFO:Connected to Redis dB
2017-04-30 22:23:11,722 DEBUG:Home Domain:http://localhost:1235
2017-04-30 22:23:11,722 INFO:#### Method GET of index #####
2017-04-30 22:23:11,722 DEBUG:Applying HTTP headers
2017-04-30 22:23:11,722 ERROR:global name 'b10' is not defined
Traceback (most recent call last):
  File "/home/lester/Documents/DroneRESTAPI/rest.py", line 471, in GET
    a=b10
NameError: global name 'b10' is not defined
2017-04-30 22:24:04,128 INFO:Connected to Redis dB
2017-04-30 22:24:04,129 DEBUG:Home Domain:http://localhost:1235
2017-04-30 22:24:08,024 INFO:Connected to Redis dB
2017-04-30 22:24:08,024 DEBUG:Home Domain:http://localhost:1235
2017-04-30 22:24:08,025 INFO:#### Method GET of index #####
2017-04-30 22:24:08,025 DEBUG:Applying HTTP headers
2017-04-30 22:24:08,025 ERROR:global name 'b10' is not defined
Traceback (most recent call last):
  File "/home/lester/Documents/DroneRESTAPI/rest.py", line 471, in GET
    a=b10
NameError: global name 'b10' is not defined
2017-04-30 22:24:41,553 INFO:Connected to Redis dB
2017-04-30 22:24:41,554 DEBUG:Home Domain:http://localhost:1235
2017-04-30 22:24:43,932 INFO:Connected to Redis dB
2017-04-30 22:24:43,932 DEBUG:Home Domain:http://localhost:1235
2017-04-30 22:24:43,932 INFO:#### Method GET of index #####
2017-04-30 22:24:43,932 DEBUG:Applying HTTP headers
2017-04-30 22:24:43,933 ERROR:global name 'b10' is not defined
Traceback (most recent call last):
  File "/home/lester/Documents/DroneRESTAPI/rest.py", line 471, in GET
    a=b10
NameError: global name 'b10' is not defined
2017-04-30 22:25:19,049 INFO:Connected to Redis dB
2017-04-30 22:25:19,049 DEBUG:Home Domain:http://localhost:1235
2017-04-30 22:25:22,574 INFO:Connected to Redis dB
2017-04-30 22:25:22,574 DEBUG:Home Domain:http://localhost:1235
2017-04-30 22:25:22,575 INFO:#### Method GET of index #####
2017-04-30 22:25:22,575 DEBUG:Applying HTTP headers
2017-04-30 22:25:22,575 ERROR:global name 'b10' is not defined
Traceback (most recent call last):
  File "/home/lester/Documents/DroneRESTAPI/rest.py", line 471, in GET
    a=b10
NameError: global name 'b10' is not defined
2017-04-30 22:25:38,127 INFO:Connected to Redis dB
2017-04-30 22:25:38,127 DEBUG:Home Domain:http://localhost:1235
2017-04-30 22:25:40,876 INFO:Connected to Redis dB
2017-04-30 22:25:40,876 DEBUG:Home Domain:http://localhost:1235
2017-04-30 22:25:40,877 INFO:#### Method GET of index #####
2017-04-30 22:25:40,877 DEBUG:Applying HTTP headers
2017-04-30 22:25:40,877 ERROR:global name 'b10' is not defined
Traceback (most recent call last):
  File "/home/lester/Documents/DroneRESTAPI/rest.py", line 471, in GET
    a=b10
NameError: global name 'b10' is not defined
2017-04-30 22:29:12,697 INFO:Connected to Redis dB
2017-04-30 22:29:12,697 DEBUG:Home Domain:http://localhost:1235
2017-04-30 22:29:15,352 INFO:Connected to Redis dB
2017-04-30 22:29:15,353 DEBUG:Home Domain:http://localhost:1235
2017-04-30 22:29:15,353 INFO:#### Method GET of index #####
2017-04-30 22:29:15,353 DEBUG:Applying HTTP headers
2017-04-30 22:29:15,353 ERROR:global name 'b10' is not defined
Traceback (most recent call last):
  File "/home/lester/Documents/DroneRESTAPI/rest.py", line 471, in GET
    a=b10
NameError: global name 'b10' is not defined
2017-04-30 22:29:46,580 INFO:Connected to Redis dB
2017-04-30 22:29:46,580 DEBUG:Home Domain:http://localhost:1235
2017-04-30 22:29:48,972 INFO:Connected to Redis dB
2017-04-30 22:29:48,972 DEBUG:Home Domain:http://localhost:1235
2017-04-30 22:29:48,972 INFO:#### Method GET of index #####
2017-04-30 22:29:48,972 DEBUG:Applying HTTP headers
2017-04-30 22:29:48,972 ERROR:global name 'b10' is not defined
Traceback (most recent call last):
  File "/home/lester/Documents/DroneRESTAPI/rest.py", line 472, in GET
    a=b10
NameError: global name 'b10' is not defined
2017-04-30 22:30:41,711 INFO:Connected to Redis dB
2017-04-30 22:30:41,712 DEBUG:Home Domain:http://localhost:1235
2017-04-30 22:30:44,082 INFO:Connected to Redis dB
2017-04-30 22:30:44,082 DEBUG:Home Domain:http://localhost:1235
2017-04-30 22:30:44,082 INFO:#### Method GET of index #####
2017-04-30 22:30:44,082 DEBUG:Applying HTTP headers
2017-04-30 22:30:44,082 ERROR:global name 'b10' is not defined
Traceback (most recent call last):
  File "/home/lester/Documents/DroneRESTAPI/rest.py", line 472, in GET
    a=b10
NameError: global name 'b10' is not defined
2017-04-30 22:32:55,130 INFO:Connected to Redis dB
2017-04-30 22:32:55,130 DEBUG:Home Domain:http://localhost:1235
2017-04-30 22:32:58,020 INFO:Connected to Redis dB
2017-04-30 22:32:58,021 DEBUG:Home Domain:http://localhost:1235
2017-04-30 22:32:58,021 INFO:#### Method GET of index #####
2017-04-30 22:32:58,021 DEBUG:Applying HTTP headers
2017-04-30 22:32:58,021 ERROR:global name 'b10' is not defined
Traceback (most recent call last):
  File "/home/lester/Documents/DroneRESTAPI/rest.py", line 472, in GET
    a=b10
NameError: global name 'b10' is not defined
2017-04-30 22:33:54,603 INFO:Connected to Redis dB
2017-04-30 22:33:54,604 DEBUG:Home Domain:http://localhost:1235
2017-04-30 22:33:56,595 INFO:Connected to Redis dB
2017-04-30 22:33:56,595 DEBUG:Home Domain:http://localhost:1235
2017-04-30 22:33:56,595 INFO:#### Method GET of index #####
2017-04-30 22:33:56,595 DEBUG:Applying HTTP headers
2017-04-30 22:33:56,595 ERROR:global name 'b10' is not defined
Traceback (most recent call last):
  File "/home/lester/Documents/DroneRESTAPI/rest.py", line 474, in GET
    a=b10
NameError: global name 'b10' is not defined
2017-04-30 22:34:35,775 INFO:Connected to Redis dB
2017-04-30 22:34:35,775 DEBUG:Home Domain:http://localhost:1235
2017-04-30 22:34:41,561 INFO:Connected to Redis dB
2017-04-30 22:34:41,561 DEBUG:Home Domain:http://localhost:1235
2017-04-30 22:34:41,562 INFO:#### Method GET of index #####
2017-04-30 22:34:41,562 DEBUG:Applying HTTP headers
2017-04-30 22:34:41,562 ERROR:global name 'b10' is not defined
Traceback (most recent call last):
  File "/home/lester/Documents/DroneRESTAPI/rest.py", line 474, in GET
    a=b10
NameError: global name 'b10' is not defined
2017-04-30 22:35:06,182 INFO:Connected to Redis dB
2017-04-30 22:35:06,182 DEBUG:Home Domain:http://localhost:1235
2017-04-30 22:35:09,889 INFO:Connected to Redis dB
2017-04-30 22:35:09,889 DEBUG:Home Domain:http://localhost:1235
2017-04-30 22:35:09,889 INFO:#### Method GET of index #####
2017-04-30 22:35:09,889 DEBUG:Applying HTTP headers
2017-04-30 22:35:09,889 ERROR:global name 'b10' is not defined
Traceback (most recent call last):
  File "/home/lester/Documents/DroneRESTAPI/rest.py", line 474, in GET
    a=b10
NameError: global name 'b10' is not defined
2017-04-30 22:39:04,852 INFO:Connected to Redis dB
2017-04-30 22:39:04,852 DEBUG:Home Domain:http://localhost:1235
2017-04-30 22:39:07,496 INFO:Connected to Redis dB
2017-04-30 22:39:07,496 DEBUG:Home Domain:http://localhost:1235
2017-04-30 22:39:07,496 INFO:#### Method GET of index #####
2017-04-30 22:39:07,496 DEBUG:Applying HTTP headers
2017-04-30 22:39:07,497 ERROR:global name 'b10' is not defined
Traceback (most recent call last):
  File "/home/lester/Documents/DroneRESTAPI/rest.py", line 473, in GET
    a=b10
NameError: global name 'b10' is not defined
